app/build/intermediates/manifest_merge_blame_file/debug/manifest-merger-blame-debug-report.txt
1<?xml version="1.0" encoding="utf-8"?>
2<manifest xmlns:android="http://schemas.android.com/apk/res/android"
3    package="com.example.alarmapp"
4    android:versionCode="1"
5    android:versionName="1.0" >
6
7    <uses-sdk
8        android:minSdkVersion="16"
8-->src\main\AndroidManifest.xml
9        android:targetSdkVersion="29" />
9-->src\main\AndroidManifest.xml
10
11    <uses-permission android:name="android.permission.VIBRATE" />
11-->src\main\AndroidManifest.xml:5:5-66
11-->src\main\AndroidManifest.xml:5:22-63
12
13    <application
13-->src\main\AndroidManifest.xml:7:5-33:19
14        android:allowBackup="true"
14-->src\main\AndroidManifest.xml:8:9-35
15        android:appComponentFactory="androidx.core.app.CoreComponentFactory"
15-->[androidx.core:core:1.0.1] AndroidManifest.xml:22:18-86
16        android:debuggable="true"
17        android:icon="@drawable/splashclock"
17-->src\main\AndroidManifest.xml:9:9-45
18        android:label="@string/app_name"
18-->src\main\AndroidManifest.xml:10:9-41
19        android:roundIcon="@mipmap/icon_clock_round"
19-->src\main\AndroidManifest.xml:11:9-53
20        android:supportsRtl="true"
20-->src\main\AndroidManifest.xml:12:9-35
21        android:testOnly="true"
22        android:theme="@style/Theme.Design.NoActionBar" >
22-->src\main\AndroidManifest.xml:13:9-56
23        <activity android:name="com.example.alarmapp.MainActivity" />
23-->src\main\AndroidManifest.xml:14:9-59
23-->src\main\AndroidManifest.xml:14:19-47
24        <activity android:name="com.example.alarmapp.countNumber" />
24-->src\main\AndroidManifest.xml:15:9-49
24-->src\main\AndroidManifest.xml:15:19-46
25        <activity android:name="com.example.alarmapp.pictureMatching" />
25-->src\main\AndroidManifest.xml:16:9-53
25-->src\main\AndroidManifest.xml:16:19-50
26        <activity android:name="com.example.alarmapp.quiz" />
26-->src\main\AndroidManifest.xml:17:9-42
26-->src\main\AndroidManifest.xml:17:19-39
27        <activity
27-->src\main\AndroidManifest.xml:18:9-21:59
28            android:name="com.example.alarmapp.math1"
28-->src\main\AndroidManifest.xml:19:13-34
29            android:label="@string/title_activity_math1"
29-->src\main\AndroidManifest.xml:20:13-57
30            android:theme="@style/AppTheme.NoActionBar" />
30-->src\main\AndroidManifest.xml:21:13-56
31        <activity
31-->src\main\AndroidManifest.xml:23:9-30:20
32            android:name="com.example.alarmapp.splashScr"
32-->src\main\AndroidManifest.xml:23:19-44
33            android:label="@string/app_name" >
33-->src\main\AndroidManifest.xml:24:13-45
34            <intent-filter>
34-->src\main\AndroidManifest.xml:25:13-29:29
35                <action android:name="android.intent.action.MAIN" />
35-->src\main\AndroidManifest.xml:26:17-69
35-->src\main\AndroidManifest.xml:26:25-66
36
37                <category android:name="android.intent.category.LAUNCHER" />
37-->src\main\AndroidManifest.xml:28:17-77
37-->src\main\AndroidManifest.xml:28:27-74
38            </intent-filter>
39        </activity>
40
41        <receiver android:name="com.example.alarmapp.MyBroadcastReceiver" />
41-->src\main\AndroidManifest.xml:32:9-57
41-->src\main\AndroidManifest.xml:32:19-54
42    </application>
43
44</manifest>